<html>
<head>
<title>TestNG:  Test</title>
<link href="../testng.css" rel="stylesheet" type="text/css" />
<link href="../my-testng.css" rel="stylesheet" type="text/css" />

<style type="text/css">
.log { display: none;} 
.stack-trace { display: none;} 
</style>
<script type="text/javascript">
<!--
function flip(e) {
  current = e.style.display;
  if (current == 'block') {
    e.style.display = 'none';
    return 0;
  }
  else {
    e.style.display = 'block';
    return 1;
  }
}

function toggleBox(szDivId, elem, msg1, msg2)
{
  var res = -1;  if (document.getElementById) {
    res = flip(document.getElementById(szDivId));
  }
  else if (document.all) {
    // this is the way old msie versions work
    res = flip(document.all[szDivId]);
  }
  if(elem) {
    if(res == 0) elem.innerHTML = msg1; else elem.innerHTML = msg2;
  }

}

function toggleAllBoxes() {
  if (document.getElementsByTagName) {
    d = document.getElementsByTagName('div');
    for (i = 0; i < d.length; i++) {
      if (d[i].className == 'log') {
        flip(d[i]);
      }
    }
  }
}

// -->
</script>

</head>
<body>
<h2 align='center'>Test</h2><table border='1' align="center">
<tr>
<td>Tests passed/Failed/Skipped:</td><td>3/8/3</td>
</tr><tr>
<td>Started on:</td><td>Thu Dec 26 17:22:52 CST 2013</td>
</tr>
<tr><td>Total time:</td><td>4 seconds (4054 ms)</td>
</tr><tr>
<td>Included groups:</td><td></td>
</tr><tr>
<td>Excluded groups:</td><td></td>
</tr>
</table><p/>
<small><i>(Hover the method name to see the test class name)</i></small><p/>
<table width='100%' border='1' class='invocation-failed'>
<tr><td colspan='4' align='center'><b>FAILED CONFIGURATIONS</b></td></tr>
<tr><td><b>Test method</b></td>
<td width="30%"><b>Exception</b></td>
<td width="10%"><b>Time (seconds)</b></td>
<td><b>Instance</b></td>
</tr>
<tr>
<td title='com.netease.qa.testng.demo.Fail1SkipTest.setUp()'><b>setUp</b><br>Test class: com.netease.qa.testng.demo.Fail1SkipTest</td>
<td><div><pre>java.lang.AssertionError: skip
	at com.netease.qa.testng.demo.Fail1SkipTest.setUp(Fail1SkipTest.java:27)
... Removed 26 stack frames</pre></div><a href='#' onClick='toggleBox("stack-trace1076292089", this, "Click to show all stack frames", "Click to hide stack frames")'>Click to show all stack frames</a>
<div class='stack-trace' id='stack-trace1076292089'><pre>java.lang.AssertionError: skip
	at org.testng.Assert.fail(Assert.java:94)
	at com.netease.qa.testng.demo.Fail1SkipTest.setUp(Fail1SkipTest.java:27)
	at sun.reflect.NativeMethodAccessorImpl.invoke0(Native Method)
	at sun.reflect.NativeMethodAccessorImpl.invoke(NativeMethodAccessorImpl.java:39)
	at sun.reflect.DelegatingMethodAccessorImpl.invoke(DelegatingMethodAccessorImpl.java:25)
	at java.lang.reflect.Method.invoke(Method.java:597)
	at org.testng.internal.MethodInvocationHelper.invokeMethod(MethodInvocationHelper.java:80)
	at org.testng.internal.Invoker.invokeConfigurationMethod(Invoker.java:564)
	at org.testng.internal.Invoker.invokeConfigurations(Invoker.java:213)
	at org.testng.internal.Invoker.invokeMethod(Invoker.java:653)
	at org.testng.internal.Invoker.retryFailed(Invoker.java:1049)
	at org.testng.internal.Invoker.invokeTestMethods(Invoker.java:1254)
	at org.testng.internal.TestMethodWorker.invokeTestMethods(TestMethodWorker.java:127)
	at org.testng.internal.TestMethodWorker.run(TestMethodWorker.java:111)
	at org.testng.TestRunner.privateRun(TestRunner.java:767)
	at org.testng.TestRunner.run(TestRunner.java:617)
	at org.testng.SuiteRunner.runTest(SuiteRunner.java:334)
	at org.testng.SuiteRunner.runSequentially(SuiteRunner.java:329)
	at org.testng.SuiteRunner.privateRun(SuiteRunner.java:291)
	at org.testng.SuiteRunner.run(SuiteRunner.java:240)
	at org.testng.SuiteRunnerWorker.runSuite(SuiteRunnerWorker.java:52)
	at org.testng.SuiteRunnerWorker.run(SuiteRunnerWorker.java:86)
	at org.testng.TestNG.runSuitesSequentially(TestNG.java:1198)
	at org.testng.TestNG.runSuitesLocally(TestNG.java:1123)
	at org.testng.TestNG.run(TestNG.java:1031)
	at org.testng.TestNG.privateMain(TestNG.java:1338)
	at org.testng.TestNG.main(TestNG.java:1307)
</pre></div></td>
<td>0</td>
<td>com.netease.qa.testng.demo.Fail1SkipTest@15f48262</td></tr>
<tr>
<td title='com.netease.qa.testng.demo.SkipTest.setUp()'><b>setUp</b><br>Test class: com.netease.qa.testng.demo.SkipTest</td>
<td><div><pre>java.lang.AssertionError: skip
	at com.netease.qa.testng.demo.SkipTest.setUp(SkipTest.java:21)
... Removed 26 stack frames</pre></div><a href='#' onClick='toggleBox("stack-trace1854196745", this, "Click to show all stack frames", "Click to hide stack frames")'>Click to show all stack frames</a>
<div class='stack-trace' id='stack-trace1854196745'><pre>java.lang.AssertionError: skip
	at org.testng.Assert.fail(Assert.java:94)
	at com.netease.qa.testng.demo.SkipTest.setUp(SkipTest.java:21)
	at sun.reflect.NativeMethodAccessorImpl.invoke0(Native Method)
	at sun.reflect.NativeMethodAccessorImpl.invoke(NativeMethodAccessorImpl.java:39)
	at sun.reflect.DelegatingMethodAccessorImpl.invoke(DelegatingMethodAccessorImpl.java:25)
	at java.lang.reflect.Method.invoke(Method.java:597)
	at org.testng.internal.MethodInvocationHelper.invokeMethod(MethodInvocationHelper.java:80)
	at org.testng.internal.Invoker.invokeConfigurationMethod(Invoker.java:564)
	at org.testng.internal.Invoker.invokeConfigurations(Invoker.java:213)
	at org.testng.internal.Invoker.invokeMethod(Invoker.java:653)
	at org.testng.internal.Invoker.invokeTestMethod(Invoker.java:901)
	at org.testng.internal.Invoker.invokeTestMethods(Invoker.java:1231)
	at org.testng.internal.TestMethodWorker.invokeTestMethods(TestMethodWorker.java:127)
	at org.testng.internal.TestMethodWorker.run(TestMethodWorker.java:111)
	at org.testng.TestRunner.privateRun(TestRunner.java:767)
	at org.testng.TestRunner.run(TestRunner.java:617)
	at org.testng.SuiteRunner.runTest(SuiteRunner.java:334)
	at org.testng.SuiteRunner.runSequentially(SuiteRunner.java:329)
	at org.testng.SuiteRunner.privateRun(SuiteRunner.java:291)
	at org.testng.SuiteRunner.run(SuiteRunner.java:240)
	at org.testng.SuiteRunnerWorker.runSuite(SuiteRunnerWorker.java:52)
	at org.testng.SuiteRunnerWorker.run(SuiteRunnerWorker.java:86)
	at org.testng.TestNG.runSuitesSequentially(TestNG.java:1198)
	at org.testng.TestNG.runSuitesLocally(TestNG.java:1123)
	at org.testng.TestNG.run(TestNG.java:1031)
	at org.testng.TestNG.privateMain(TestNG.java:1338)
	at org.testng.TestNG.main(TestNG.java:1307)
</pre></div></td>
<td>0</td>
<td>com.netease.qa.testng.demo.SkipTest@356f144c</td></tr>
<tr>
<td title='com.netease.qa.testng.demo.Fail3Test.tearDown()'><b>tearDown</b><br>Test class: com.netease.qa.testng.demo.Fail3Test</td>
<td><div><pre>java.lang.AssertionError: null
	at com.netease.qa.testng.demo.Fail3Test.tearDown(Fail3Test.java:46)
... Removed 27 stack frames</pre></div><a href='#' onClick='toggleBox("stack-trace1464447632", this, "Click to show all stack frames", "Click to hide stack frames")'>Click to show all stack frames</a>
<div class='stack-trace' id='stack-trace1464447632'><pre>java.lang.AssertionError: null
	at org.testng.Assert.fail(Assert.java:94)
	at org.testng.Assert.fail(Assert.java:101)
	at com.netease.qa.testng.demo.Fail3Test.tearDown(Fail3Test.java:46)
	at sun.reflect.NativeMethodAccessorImpl.invoke0(Native Method)
	at sun.reflect.NativeMethodAccessorImpl.invoke(NativeMethodAccessorImpl.java:39)
	at sun.reflect.DelegatingMethodAccessorImpl.invoke(DelegatingMethodAccessorImpl.java:25)
	at java.lang.reflect.Method.invoke(Method.java:597)
	at org.testng.internal.MethodInvocationHelper.invokeMethod(MethodInvocationHelper.java:80)
	at org.testng.internal.Invoker.invokeConfigurationMethod(Invoker.java:564)
	at org.testng.internal.Invoker.invokeConfigurations(Invoker.java:213)
	at org.testng.internal.Invoker.invokeMethod(Invoker.java:786)
	at org.testng.internal.Invoker.retryFailed(Invoker.java:1049)
	at org.testng.internal.Invoker.invokeTestMethods(Invoker.java:1254)
	at org.testng.internal.TestMethodWorker.invokeTestMethods(TestMethodWorker.java:127)
	at org.testng.internal.TestMethodWorker.run(TestMethodWorker.java:111)
	at org.testng.TestRunner.privateRun(TestRunner.java:767)
	at org.testng.TestRunner.run(TestRunner.java:617)
	at org.testng.SuiteRunner.runTest(SuiteRunner.java:334)
	at org.testng.SuiteRunner.runSequentially(SuiteRunner.java:329)
	at org.testng.SuiteRunner.privateRun(SuiteRunner.java:291)
	at org.testng.SuiteRunner.run(SuiteRunner.java:240)
	at org.testng.SuiteRunnerWorker.runSuite(SuiteRunnerWorker.java:52)
	at org.testng.SuiteRunnerWorker.run(SuiteRunnerWorker.java:86)
	at org.testng.TestNG.runSuitesSequentially(TestNG.java:1198)
	at org.testng.TestNG.runSuitesLocally(TestNG.java:1123)
	at org.testng.TestNG.run(TestNG.java:1031)
	at org.testng.TestNG.privateMain(TestNG.java:1338)
	at org.testng.TestNG.main(TestNG.java:1307)
</pre></div></td>
<td>0</td>
<td>com.netease.qa.testng.demo.Fail3Test@236acdd1</td></tr>
</table><p>
<table width='100%' border='1' class='invocation-skipped'>
<tr><td colspan='4' align='center'><b>SKIPPED CONFIGURATIONS</b></td></tr>
<tr><td><b>Test method</b></td>
<td width="30%"><b>Exception</b></td>
<td width="10%"><b>Time (seconds)</b></td>
<td><b>Instance</b></td>
</tr>
<tr>
<td title='com.netease.qa.testng.demo.Fail3Test.setUp()'><b>setUp</b><br>Test class: com.netease.qa.testng.demo.Fail3Test</td>
<td></td>
<td>0</td>
<td>com.netease.qa.testng.demo.Fail3Test@236acdd1</td></tr>
<tr>
<td title='com.netease.qa.testng.demo.Fail3Test.tearDown()'><b>tearDown</b><br>Test class: com.netease.qa.testng.demo.Fail3Test</td>
<td></td>
<td>0</td>
<td>com.netease.qa.testng.demo.Fail3Test@236acdd1</td></tr>
</table><p>
<table width='100%' border='1' class='invocation-failed'>
<tr><td colspan='4' align='center'><b>FAILED TESTS</b></td></tr>
<tr><td><b>Test method</b></td>
<td width="30%"><b>Exception</b></td>
<td width="10%"><b>Time (seconds)</b></td>
<td><b>Instance</b></td>
</tr>
<tr>
<td title='com.netease.qa.testng.demo.Fail1SkipTest.testFail1Skip()'><b>testFail1Skip</b><br>Test class: com.netease.qa.testng.demo.Fail1SkipTest<br>Test method: testFail1Skip<br/>
<a href="#Output-1675553600" onClick='toggleBox("Output-1675553600", this, "Show output", "Hide output");'>Show output</a>

<a href="#Output-1675553600" onClick="toggleAllBoxes();">Show all outputs</a>
<div class='log' id="Output-1675553600">
RunCount=2<br/>
</div>
</td>
<td><div><pre>java.lang.AssertionError: null
	at com.netease.qa.testng.demo.Fail1SkipTest.testFail1Skip(Fail1SkipTest.java:34)
... Removed 25 stack frames</pre></div><a href='#' onClick='toggleBox("stack-trace1675553600", this, "Click to show all stack frames", "Click to hide stack frames")'>Click to show all stack frames</a>
<div class='stack-trace' id='stack-trace1675553600'><pre>java.lang.AssertionError: null
	at org.testng.Assert.fail(Assert.java:94)
	at org.testng.Assert.fail(Assert.java:101)
	at com.netease.qa.testng.demo.Fail1SkipTest.testFail1Skip(Fail1SkipTest.java:34)
	at sun.reflect.NativeMethodAccessorImpl.invoke0(Native Method)
	at sun.reflect.NativeMethodAccessorImpl.invoke(NativeMethodAccessorImpl.java:39)
	at sun.reflect.DelegatingMethodAccessorImpl.invoke(DelegatingMethodAccessorImpl.java:25)
	at java.lang.reflect.Method.invoke(Method.java:597)
	at org.testng.internal.MethodInvocationHelper.invokeMethod(MethodInvocationHelper.java:80)
	at org.testng.internal.Invoker.invokeMethod(Invoker.java:714)
	at org.testng.internal.Invoker.invokeTestMethod(Invoker.java:901)
	at org.testng.internal.Invoker.invokeTestMethods(Invoker.java:1231)
	at org.testng.internal.TestMethodWorker.invokeTestMethods(TestMethodWorker.java:127)
	at org.testng.internal.TestMethodWorker.run(TestMethodWorker.java:111)
	at org.testng.TestRunner.privateRun(TestRunner.java:767)
	at org.testng.TestRunner.run(TestRunner.java:617)
	at org.testng.SuiteRunner.runTest(SuiteRunner.java:334)
	at org.testng.SuiteRunner.runSequentially(SuiteRunner.java:329)
	at org.testng.SuiteRunner.privateRun(SuiteRunner.java:291)
	at org.testng.SuiteRunner.run(SuiteRunner.java:240)
	at org.testng.SuiteRunnerWorker.runSuite(SuiteRunnerWorker.java:52)
	at org.testng.SuiteRunnerWorker.run(SuiteRunnerWorker.java:86)
	at org.testng.TestNG.runSuitesSequentially(TestNG.java:1198)
	at org.testng.TestNG.runSuitesLocally(TestNG.java:1123)
	at org.testng.TestNG.run(TestNG.java:1031)
	at org.testng.TestNG.privateMain(TestNG.java:1338)
	at org.testng.TestNG.main(TestNG.java:1307)
</pre></div></td>
<td>0</td>
<td>com.netease.qa.testng.demo.Fail1SkipTest@15f48262</td></tr>
<tr>
<td title='com.netease.qa.testng.demo.Fail1SuccessTest.testFail1Sussces()'><b>testFail1Sussces</b><br>Test class: com.netease.qa.testng.demo.Fail1SuccessTest<br>Test method: testFail1Sussces<br/>
<a href="#Output-126273328" onClick='toggleBox("Output-126273328", this, "Show output", "Hide output");'>Show output</a>

<a href="#Output-126273328" onClick="toggleAllBoxes();">Show all outputs</a>
<div class='log' id="Output-126273328">
RunCount=2<br/>
</div>
</td>
<td><div><pre>java.lang.AssertionError: FailSussces2
	at com.netease.qa.testng.demo.Fail1SuccessTest.testFail1Sussces(Fail1SuccessTest.java:29)
... Removed 24 stack frames</pre></div><a href='#' onClick='toggleBox("stack-trace126273328", this, "Click to show all stack frames", "Click to hide stack frames")'>Click to show all stack frames</a>
<div class='stack-trace' id='stack-trace126273328'><pre>java.lang.AssertionError: FailSussces2
	at org.testng.Assert.fail(Assert.java:94)
	at com.netease.qa.testng.demo.Fail1SuccessTest.testFail1Sussces(Fail1SuccessTest.java:29)
	at sun.reflect.NativeMethodAccessorImpl.invoke0(Native Method)
	at sun.reflect.NativeMethodAccessorImpl.invoke(NativeMethodAccessorImpl.java:39)
	at sun.reflect.DelegatingMethodAccessorImpl.invoke(DelegatingMethodAccessorImpl.java:25)
	at java.lang.reflect.Method.invoke(Method.java:597)
	at org.testng.internal.MethodInvocationHelper.invokeMethod(MethodInvocationHelper.java:80)
	at org.testng.internal.Invoker.invokeMethod(Invoker.java:714)
	at org.testng.internal.Invoker.invokeTestMethod(Invoker.java:901)
	at org.testng.internal.Invoker.invokeTestMethods(Invoker.java:1231)
	at org.testng.internal.TestMethodWorker.invokeTestMethods(TestMethodWorker.java:127)
	at org.testng.internal.TestMethodWorker.run(TestMethodWorker.java:111)
	at org.testng.TestRunner.privateRun(TestRunner.java:767)
	at org.testng.TestRunner.run(TestRunner.java:617)
	at org.testng.SuiteRunner.runTest(SuiteRunner.java:334)
	at org.testng.SuiteRunner.runSequentially(SuiteRunner.java:329)
	at org.testng.SuiteRunner.privateRun(SuiteRunner.java:291)
	at org.testng.SuiteRunner.run(SuiteRunner.java:240)
	at org.testng.SuiteRunnerWorker.runSuite(SuiteRunnerWorker.java:52)
	at org.testng.SuiteRunnerWorker.run(SuiteRunnerWorker.java:86)
	at org.testng.TestNG.runSuitesSequentially(TestNG.java:1198)
	at org.testng.TestNG.runSuitesLocally(TestNG.java:1123)
	at org.testng.TestNG.run(TestNG.java:1031)
	at org.testng.TestNG.privateMain(TestNG.java:1338)
	at org.testng.TestNG.main(TestNG.java:1307)
</pre></div></td>
<td>0</td>
<td>com.netease.qa.testng.demo.Fail1SuccessTest@15e232b5</td></tr>
<tr>
<td title='com.netease.qa.testng.demo.Fail2SuccessTest.testFail2Sussces()'><b>testFail2Sussces</b><br>Test class: com.netease.qa.testng.demo.Fail2SuccessTest<br>Test method: testFail2Sussces<br/>
<a href="#Output-1171694958" onClick='toggleBox("Output-1171694958", this, "Show output", "Hide output");'>Show output</a>

<a href="#Output-1171694958" onClick="toggleAllBoxes();">Show all outputs</a>
<div class='log' id="Output-1171694958">
RunCount=2<br/>
</div>
</td>
<td><div><pre>java.lang.AssertionError: testFail2Sussces
	at com.netease.qa.testng.demo.Fail2SuccessTest.testFail2Sussces(Fail2SuccessTest.java:28)
... Removed 24 stack frames</pre></div><a href='#' onClick='toggleBox("stack-trace1171694958", this, "Click to show all stack frames", "Click to hide stack frames")'>Click to show all stack frames</a>
<div class='stack-trace' id='stack-trace1171694958'><pre>java.lang.AssertionError: testFail2Sussces
	at org.testng.Assert.fail(Assert.java:94)
	at com.netease.qa.testng.demo.Fail2SuccessTest.testFail2Sussces(Fail2SuccessTest.java:28)
	at sun.reflect.NativeMethodAccessorImpl.invoke0(Native Method)
	at sun.reflect.NativeMethodAccessorImpl.invoke(NativeMethodAccessorImpl.java:39)
	at sun.reflect.DelegatingMethodAccessorImpl.invoke(DelegatingMethodAccessorImpl.java:25)
	at java.lang.reflect.Method.invoke(Method.java:597)
	at org.testng.internal.MethodInvocationHelper.invokeMethod(MethodInvocationHelper.java:80)
	at org.testng.internal.Invoker.invokeMethod(Invoker.java:714)
	at org.testng.internal.Invoker.invokeTestMethod(Invoker.java:901)
	at org.testng.internal.Invoker.invokeTestMethods(Invoker.java:1231)
	at org.testng.internal.TestMethodWorker.invokeTestMethods(TestMethodWorker.java:127)
	at org.testng.internal.TestMethodWorker.run(TestMethodWorker.java:111)
	at org.testng.TestRunner.privateRun(TestRunner.java:767)
	at org.testng.TestRunner.run(TestRunner.java:617)
	at org.testng.SuiteRunner.runTest(SuiteRunner.java:334)
	at org.testng.SuiteRunner.runSequentially(SuiteRunner.java:329)
	at org.testng.SuiteRunner.privateRun(SuiteRunner.java:291)
	at org.testng.SuiteRunner.run(SuiteRunner.java:240)
	at org.testng.SuiteRunnerWorker.runSuite(SuiteRunnerWorker.java:52)
	at org.testng.SuiteRunnerWorker.run(SuiteRunnerWorker.java:86)
	at org.testng.TestNG.runSuitesSequentially(TestNG.java:1198)
	at org.testng.TestNG.runSuitesLocally(TestNG.java:1123)
	at org.testng.TestNG.run(TestNG.java:1031)
	at org.testng.TestNG.privateMain(TestNG.java:1338)
	at org.testng.TestNG.main(TestNG.java:1307)
</pre></div></td>
<td>0</td>
<td>com.netease.qa.testng.demo.Fail2SuccessTest@60de1b8a</td></tr>
<tr>
<td title='com.netease.qa.testng.demo.Fail2SuccessTest.testFail2Sussces()'><b>testFail2Sussces</b><br>Test class: com.netease.qa.testng.demo.Fail2SuccessTest<br>Test method: testFail2Sussces<br/>
<a href="#Output-330326081" onClick='toggleBox("Output-330326081", this, "Show output", "Hide output");'>Show output</a>

<a href="#Output-330326081" onClick="toggleAllBoxes();">Show all outputs</a>
<div class='log' id="Output-330326081">
RunCount=3<br/>
</div>
</td>
<td><div><pre>java.lang.AssertionError: testFail2Sussces
	at com.netease.qa.testng.demo.Fail2SuccessTest.testFail2Sussces(Fail2SuccessTest.java:28)
... Removed 24 stack frames</pre></div><a href='#' onClick='toggleBox("stack-trace330326081", this, "Click to show all stack frames", "Click to hide stack frames")'>Click to show all stack frames</a>
<div class='stack-trace' id='stack-trace330326081'><pre>java.lang.AssertionError: testFail2Sussces
	at org.testng.Assert.fail(Assert.java:94)
	at com.netease.qa.testng.demo.Fail2SuccessTest.testFail2Sussces(Fail2SuccessTest.java:28)
	at sun.reflect.NativeMethodAccessorImpl.invoke0(Native Method)
	at sun.reflect.NativeMethodAccessorImpl.invoke(NativeMethodAccessorImpl.java:39)
	at sun.reflect.DelegatingMethodAccessorImpl.invoke(DelegatingMethodAccessorImpl.java:25)
	at java.lang.reflect.Method.invoke(Method.java:597)
	at org.testng.internal.MethodInvocationHelper.invokeMethod(MethodInvocationHelper.java:80)
	at org.testng.internal.Invoker.invokeMethod(Invoker.java:714)
	at org.testng.internal.Invoker.retryFailed(Invoker.java:1049)
	at org.testng.internal.Invoker.invokeTestMethods(Invoker.java:1254)
	at org.testng.internal.TestMethodWorker.invokeTestMethods(TestMethodWorker.java:127)
	at org.testng.internal.TestMethodWorker.run(TestMethodWorker.java:111)
	at org.testng.TestRunner.privateRun(TestRunner.java:767)
	at org.testng.TestRunner.run(TestRunner.java:617)
	at org.testng.SuiteRunner.runTest(SuiteRunner.java:334)
	at org.testng.SuiteRunner.runSequentially(SuiteRunner.java:329)
	at org.testng.SuiteRunner.privateRun(SuiteRunner.java:291)
	at org.testng.SuiteRunner.run(SuiteRunner.java:240)
	at org.testng.SuiteRunnerWorker.runSuite(SuiteRunnerWorker.java:52)
	at org.testng.SuiteRunnerWorker.run(SuiteRunnerWorker.java:86)
	at org.testng.TestNG.runSuitesSequentially(TestNG.java:1198)
	at org.testng.TestNG.runSuitesLocally(TestNG.java:1123)
	at org.testng.TestNG.run(TestNG.java:1031)
	at org.testng.TestNG.privateMain(TestNG.java:1338)
	at org.testng.TestNG.main(TestNG.java:1307)
</pre></div></td>
<td>0</td>
<td>com.netease.qa.testng.demo.Fail2SuccessTest@60de1b8a</td></tr>
<tr>
<td title='com.netease.qa.testng.demo.Fail3Test.testFail3()'><b>testFail3</b><br>Test class: com.netease.qa.testng.demo.Fail3Test<br>Test method: testFail3<br/>
<a href="#Output-1516725303" onClick='toggleBox("Output-1516725303", this, "Show output", "Hide output");'>Show output</a>

<a href="#Output-1516725303" onClick="toggleAllBoxes();">Show all outputs</a>
<div class='log' id="Output-1516725303">
RunCount=2<br/>
</div>
</td>
<td><div><pre>java.lang.AssertionError: testFail3
	at com.netease.qa.testng.demo.Fail3Test.testFail3(Fail3Test.java:38)
... Removed 24 stack frames</pre></div><a href='#' onClick='toggleBox("stack-trace1516725303", this, "Click to show all stack frames", "Click to hide stack frames")'>Click to show all stack frames</a>
<div class='stack-trace' id='stack-trace1516725303'><pre>java.lang.AssertionError: testFail3
	at org.testng.Assert.fail(Assert.java:94)
	at com.netease.qa.testng.demo.Fail3Test.testFail3(Fail3Test.java:38)
	at sun.reflect.NativeMethodAccessorImpl.invoke0(Native Method)
	at sun.reflect.NativeMethodAccessorImpl.invoke(NativeMethodAccessorImpl.java:39)
	at sun.reflect.DelegatingMethodAccessorImpl.invoke(DelegatingMethodAccessorImpl.java:25)
	at java.lang.reflect.Method.invoke(Method.java:597)
	at org.testng.internal.MethodInvocationHelper.invokeMethod(MethodInvocationHelper.java:80)
	at org.testng.internal.Invoker.invokeMethod(Invoker.java:714)
	at org.testng.internal.Invoker.invokeTestMethod(Invoker.java:901)
	at org.testng.internal.Invoker.invokeTestMethods(Invoker.java:1231)
	at org.testng.internal.TestMethodWorker.invokeTestMethods(TestMethodWorker.java:127)
	at org.testng.internal.TestMethodWorker.run(TestMethodWorker.java:111)
	at org.testng.TestRunner.privateRun(TestRunner.java:767)
	at org.testng.TestRunner.run(TestRunner.java:617)
	at org.testng.SuiteRunner.runTest(SuiteRunner.java:334)
	at org.testng.SuiteRunner.runSequentially(SuiteRunner.java:329)
	at org.testng.SuiteRunner.privateRun(SuiteRunner.java:291)
	at org.testng.SuiteRunner.run(SuiteRunner.java:240)
	at org.testng.SuiteRunnerWorker.runSuite(SuiteRunnerWorker.java:52)
	at org.testng.SuiteRunnerWorker.run(SuiteRunnerWorker.java:86)
	at org.testng.TestNG.runSuitesSequentially(TestNG.java:1198)
	at org.testng.TestNG.runSuitesLocally(TestNG.java:1123)
	at org.testng.TestNG.run(TestNG.java:1031)
	at org.testng.TestNG.privateMain(TestNG.java:1338)
	at org.testng.TestNG.main(TestNG.java:1307)
</pre></div></td>
<td>1</td>
<td>com.netease.qa.testng.demo.Fail3Test@236acdd1</td></tr>
<tr>
<td title='com.netease.qa.testng.demo.Fail3Test.testFail3()'><b>testFail3</b><br>Test class: com.netease.qa.testng.demo.Fail3Test<br>Test method: testFail3<br/>
<a href="#Output-546909102" onClick='toggleBox("Output-546909102", this, "Show output", "Hide output");'>Show output</a>

<a href="#Output-546909102" onClick="toggleAllBoxes();">Show all outputs</a>
<div class='log' id="Output-546909102">
RunCount=3<br/>
</div>
</td>
<td><div><pre>java.lang.AssertionError: testFail3
	at com.netease.qa.testng.demo.Fail3Test.testFail3(Fail3Test.java:38)
... Removed 24 stack frames</pre></div><a href='#' onClick='toggleBox("stack-trace546909102", this, "Click to show all stack frames", "Click to hide stack frames")'>Click to show all stack frames</a>
<div class='stack-trace' id='stack-trace546909102'><pre>java.lang.AssertionError: testFail3
	at org.testng.Assert.fail(Assert.java:94)
	at com.netease.qa.testng.demo.Fail3Test.testFail3(Fail3Test.java:38)
	at sun.reflect.NativeMethodAccessorImpl.invoke0(Native Method)
	at sun.reflect.NativeMethodAccessorImpl.invoke(NativeMethodAccessorImpl.java:39)
	at sun.reflect.DelegatingMethodAccessorImpl.invoke(DelegatingMethodAccessorImpl.java:25)
	at java.lang.reflect.Method.invoke(Method.java:597)
	at org.testng.internal.MethodInvocationHelper.invokeMethod(MethodInvocationHelper.java:80)
	at org.testng.internal.Invoker.invokeMethod(Invoker.java:714)
	at org.testng.internal.Invoker.retryFailed(Invoker.java:1049)
	at org.testng.internal.Invoker.invokeTestMethods(Invoker.java:1254)
	at org.testng.internal.TestMethodWorker.invokeTestMethods(TestMethodWorker.java:127)
	at org.testng.internal.TestMethodWorker.run(TestMethodWorker.java:111)
	at org.testng.TestRunner.privateRun(TestRunner.java:767)
	at org.testng.TestRunner.run(TestRunner.java:617)
	at org.testng.SuiteRunner.runTest(SuiteRunner.java:334)
	at org.testng.SuiteRunner.runSequentially(SuiteRunner.java:329)
	at org.testng.SuiteRunner.privateRun(SuiteRunner.java:291)
	at org.testng.SuiteRunner.run(SuiteRunner.java:240)
	at org.testng.SuiteRunnerWorker.runSuite(SuiteRunnerWorker.java:52)
	at org.testng.SuiteRunnerWorker.run(SuiteRunnerWorker.java:86)
	at org.testng.TestNG.runSuitesSequentially(TestNG.java:1198)
	at org.testng.TestNG.runSuitesLocally(TestNG.java:1123)
	at org.testng.TestNG.run(TestNG.java:1031)
	at org.testng.TestNG.privateMain(TestNG.java:1338)
	at org.testng.TestNG.main(TestNG.java:1307)
</pre></div></td>
<td>1</td>
<td>com.netease.qa.testng.demo.Fail3Test@236acdd1</td></tr>
<tr>
<td title='com.netease.qa.testng.demo.Fail3Test.testFail3()'><b>testFail3</b><br>Test class: com.netease.qa.testng.demo.Fail3Test<br>Test method: testFail3<br/>
<a href="#Output-489854530" onClick='toggleBox("Output-489854530", this, "Show output", "Hide output");'>Show output</a>

<a href="#Output-489854530" onClick="toggleAllBoxes();">Show all outputs</a>
<div class='log' id="Output-489854530">
RunCount=4<br/>
</div>
</td>
<td><div><pre>java.lang.AssertionError: testFail3
	at com.netease.qa.testng.demo.Fail3Test.testFail3(Fail3Test.java:38)
... Removed 24 stack frames</pre></div><a href='#' onClick='toggleBox("stack-trace489854530", this, "Click to show all stack frames", "Click to hide stack frames")'>Click to show all stack frames</a>
<div class='stack-trace' id='stack-trace489854530'><pre>java.lang.AssertionError: testFail3
	at org.testng.Assert.fail(Assert.java:94)
	at com.netease.qa.testng.demo.Fail3Test.testFail3(Fail3Test.java:38)
	at sun.reflect.NativeMethodAccessorImpl.invoke0(Native Method)
	at sun.reflect.NativeMethodAccessorImpl.invoke(NativeMethodAccessorImpl.java:39)
	at sun.reflect.DelegatingMethodAccessorImpl.invoke(DelegatingMethodAccessorImpl.java:25)
	at java.lang.reflect.Method.invoke(Method.java:597)
	at org.testng.internal.MethodInvocationHelper.invokeMethod(MethodInvocationHelper.java:80)
	at org.testng.internal.Invoker.invokeMethod(Invoker.java:714)
	at org.testng.internal.Invoker.retryFailed(Invoker.java:1049)
	at org.testng.internal.Invoker.invokeTestMethods(Invoker.java:1254)
	at org.testng.internal.TestMethodWorker.invokeTestMethods(TestMethodWorker.java:127)
	at org.testng.internal.TestMethodWorker.run(TestMethodWorker.java:111)
	at org.testng.TestRunner.privateRun(TestRunner.java:767)
	at org.testng.TestRunner.run(TestRunner.java:617)
	at org.testng.SuiteRunner.runTest(SuiteRunner.java:334)
	at org.testng.SuiteRunner.runSequentially(SuiteRunner.java:329)
	at org.testng.SuiteRunner.privateRun(SuiteRunner.java:291)
	at org.testng.SuiteRunner.run(SuiteRunner.java:240)
	at org.testng.SuiteRunnerWorker.runSuite(SuiteRunnerWorker.java:52)
	at org.testng.SuiteRunnerWorker.run(SuiteRunnerWorker.java:86)
	at org.testng.TestNG.runSuitesSequentially(TestNG.java:1198)
	at org.testng.TestNG.runSuitesLocally(TestNG.java:1123)
	at org.testng.TestNG.run(TestNG.java:1031)
	at org.testng.TestNG.privateMain(TestNG.java:1338)
	at org.testng.TestNG.main(TestNG.java:1307)
</pre></div></td>
<td>1</td>
<td>com.netease.qa.testng.demo.Fail3Test@236acdd1</td></tr>
<tr>
<td title='com.netease.qa.testng.demo.Fail3Test.testFail3()'><b>testFail3</b><br>Test class: com.netease.qa.testng.demo.Fail3Test<br>Test method: testFail3<br/>
<a href="#Output-1734735672" onClick='toggleBox("Output-1734735672", this, "Show output", "Hide output");'>Show output</a>

<a href="#Output-1734735672" onClick="toggleAllBoxes();">Show all outputs</a>
<div class='log' id="Output-1734735672">
RunCount=5<br/>
</div>
</td>
<td><div><pre>java.lang.AssertionError: testFail3
	at com.netease.qa.testng.demo.Fail3Test.testFail3(Fail3Test.java:38)
... Removed 24 stack frames</pre></div><a href='#' onClick='toggleBox("stack-trace1734735672", this, "Click to show all stack frames", "Click to hide stack frames")'>Click to show all stack frames</a>
<div class='stack-trace' id='stack-trace1734735672'><pre>java.lang.AssertionError: testFail3
	at org.testng.Assert.fail(Assert.java:94)
	at com.netease.qa.testng.demo.Fail3Test.testFail3(Fail3Test.java:38)
	at sun.reflect.NativeMethodAccessorImpl.invoke0(Native Method)
	at sun.reflect.NativeMethodAccessorImpl.invoke(NativeMethodAccessorImpl.java:39)
	at sun.reflect.DelegatingMethodAccessorImpl.invoke(DelegatingMethodAccessorImpl.java:25)
	at java.lang.reflect.Method.invoke(Method.java:597)
	at org.testng.internal.MethodInvocationHelper.invokeMethod(MethodInvocationHelper.java:80)
	at org.testng.internal.Invoker.invokeMethod(Invoker.java:714)
	at org.testng.internal.Invoker.retryFailed(Invoker.java:1049)
	at org.testng.internal.Invoker.invokeTestMethods(Invoker.java:1254)
	at org.testng.internal.TestMethodWorker.invokeTestMethods(TestMethodWorker.java:127)
	at org.testng.internal.TestMethodWorker.run(TestMethodWorker.java:111)
	at org.testng.TestRunner.privateRun(TestRunner.java:767)
	at org.testng.TestRunner.run(TestRunner.java:617)
	at org.testng.SuiteRunner.runTest(SuiteRunner.java:334)
	at org.testng.SuiteRunner.runSequentially(SuiteRunner.java:329)
	at org.testng.SuiteRunner.privateRun(SuiteRunner.java:291)
	at org.testng.SuiteRunner.run(SuiteRunner.java:240)
	at org.testng.SuiteRunnerWorker.runSuite(SuiteRunnerWorker.java:52)
	at org.testng.SuiteRunnerWorker.run(SuiteRunnerWorker.java:86)
	at org.testng.TestNG.runSuitesSequentially(TestNG.java:1198)
	at org.testng.TestNG.runSuitesLocally(TestNG.java:1123)
	at org.testng.TestNG.run(TestNG.java:1031)
	at org.testng.TestNG.privateMain(TestNG.java:1338)
	at org.testng.TestNG.main(TestNG.java:1307)
</pre></div></td>
<td>1</td>
<td>com.netease.qa.testng.demo.Fail3Test@236acdd1</td></tr>
</table><p>
<table width='100%' border='1' class='invocation-passed'>
<tr><td colspan='4' align='center'><b>PASSED TESTS</b></td></tr>
<tr><td><b>Test method</b></td>
<td width="30%"><b>Exception</b></td>
<td width="10%"><b>Time (seconds)</b></td>
<td><b>Instance</b></td>
</tr>
<tr>
<td title='com.netease.qa.testng.demo.Fail1SuccessTest.testFail1Sussces()'><b>testFail1Sussces</b><br>Test class: com.netease.qa.testng.demo.Fail1SuccessTest<br>Test method: testFail1Sussces</td>
<td></td>
<td>0</td>
<td>com.netease.qa.testng.demo.Fail1SuccessTest@15e232b5</td></tr>
<tr>
<td title='com.netease.qa.testng.demo.Fail2SuccessTest.testFail2Sussces()'><b>testFail2Sussces</b><br>Test class: com.netease.qa.testng.demo.Fail2SuccessTest<br>Test method: testFail2Sussces</td>
<td></td>
<td>0</td>
<td>com.netease.qa.testng.demo.Fail2SuccessTest@60de1b8a</td></tr>
<tr>
<td title='com.netease.qa.testng.demo.SuccessTest.testSuccess()'><b>testSuccess</b><br>Test class: com.netease.qa.testng.demo.SuccessTest<br>Test method: testSuccess</td>
<td></td>
<td>0</td>
<td>com.netease.qa.testng.demo.SuccessTest@402f0df1</td></tr>
</table><p>
<table width='100%' border='1' class='invocation-skipped'>
<tr><td colspan='4' align='center'><b>SKIPPED TESTS</b></td></tr>
<tr><td><b>Test method</b></td>
<td width="30%"><b>Exception</b></td>
<td width="10%"><b>Time (seconds)</b></td>
<td><b>Instance</b></td>
</tr>
<tr>
<td title='com.netease.qa.testng.demo.Fail1SkipTest.testFail1Skip()'><b>testFail1Skip</b><br>Test class: com.netease.qa.testng.demo.Fail1SkipTest<br>Test method: testFail1Skip</td>
<td></td>
<td>0</td>
<td>com.netease.qa.testng.demo.Fail1SkipTest@15f48262</td></tr>
<tr>
<td title='com.netease.qa.testng.demo.Fail3Test.testFail3()'><b>testFail3</b><br>Test class: com.netease.qa.testng.demo.Fail3Test<br>Test method: testFail3</td>
<td></td>
<td>0</td>
<td>com.netease.qa.testng.demo.Fail3Test@236acdd1</td></tr>
<tr>
<td title='com.netease.qa.testng.demo.SkipTest.testSkip()'><b>testSkip</b><br>Test class: com.netease.qa.testng.demo.SkipTest<br>Test method: TestSkip</td>
<td></td>
<td>0</td>
<td>com.netease.qa.testng.demo.SkipTest@356f144c</td></tr>
</table><p>
</body>
</html>